<?xml version="1.0" encoding="UTF-8"?>
<!-- Generated by org.testng.reporters.JUnitReportReporter -->
<testsuite hostname="LAPTOP-T2D0RNDH" name="DemoMaven.MavenTest.OflineTest" tests="20" failures="0" timestamp="11 Feb 2019 14:44:39 GMT" time="44.761" errors="0">
  <testcase name="getTableData" time="7.722" classname="DemoMaven.MavenTest.OflineTest"/>
  <testcase name="check_Button_color" time="0.096" classname="DemoMaven.MavenTest.OflineTest"/>
  <testcase name="check_Links" time="0.041" classname="DemoMaven.MavenTest.OflineTest"/>
  <testcase name="Click_On_AddUser_Btn" time="2.207" classname="DemoMaven.MavenTest.OflineTest"/>
  <testcase name="clickOn_OperatorBtn" time="9.815" classname="DemoMaven.MavenTest.OflineTest"/>
  <testcase name="Password" time="0.031" classname="DemoMaven.MavenTest.OflineTest"/>
  <testcase name="SigninSession" time="0.017" classname="DemoMaven.MavenTest.OflineTest"/>
  <testcase name="blank_username_password" time="0.273" classname="DemoMaven.MavenTest.OflineTest"/>
  <testcase name="Verify_Url_DashBoard" time="0.007" classname="DemoMaven.MavenTest.OflineTest"/>
  <testcase name="validUsername_Password" time="1.864" classname="DemoMaven.MavenTest.OflineTest"/>
  <testcase name="verifyApplicationTitle_DashBoard" time="0.005" classname="DemoMaven.MavenTest.OflineTest"/>
  <testcase name="verify_title" time="0.063" classname="DemoMaven.MavenTest.OflineTest"/>
  <testcase name="invalidusername_password" time="4.319" classname="DemoMaven.MavenTest.OflineTest"/>
  <testcase name="Username" time="0.031" classname="DemoMaven.MavenTest.OflineTest"/>
  <testcase name="logOutBtn" time="0.173" classname="DemoMaven.MavenTest.OflineTest"/>
  <testcase name="click_OnUser" time="2.317" classname="DemoMaven.MavenTest.OflineTest"/>
  <testcase name="Fill_Form" time="13.727" classname="DemoMaven.MavenTest.OflineTest"/>
  <testcase name="verifyPageTitle" time="0.000" classname="DemoMaven.MavenTest.OflineTest"/>
  <testcase name="Verify_Url" time="0.020" classname="DemoMaven.MavenTest.OflineTest"/>
  <testcase name="heading_Dashboard" time="2.033" classname="DemoMaven.MavenTest.OflineTest"/>
</testsuite> <!-- DemoMaven.MavenTest.OflineTest -->
