<?xml version="1.0" encoding="UTF-8"?>
<!-- Generated by org.testng.reporters.JUnitReportReporter -->
<testsuite hostname="LAPTOP-T2D0RNDH" name="DemoMaven.MavenTest.OflineTest" tests="20" failures="0" timestamp="21 Feb 2019 12:19:27 GMT" time="56.514" errors="0">
  <testcase name="check_Links" time="0.185" classname="DemoMaven.MavenTest.OflineTest"/>
  <testcase name="Verify_Url_DashBoard" time="0.024" classname="DemoMaven.MavenTest.OflineTest"/>
  <testcase name="Password" time="0.096" classname="DemoMaven.MavenTest.OflineTest"/>
  <testcase name="validUsername_Password" time="8.148" classname="DemoMaven.MavenTest.OflineTest"/>
  <testcase name="clickOn_OperatorBtn" time="10.344" classname="DemoMaven.MavenTest.OflineTest"/>
  <testcase name="verify_title" time="0.223" classname="DemoMaven.MavenTest.OflineTest"/>
  <testcase name="Username" time="0.052" classname="DemoMaven.MavenTest.OflineTest"/>
  <testcase name="getTableData" time="8.149" classname="DemoMaven.MavenTest.OflineTest"/>
  <testcase name="heading_Dashboard" time="2.103" classname="DemoMaven.MavenTest.OflineTest"/>
  <testcase name="click_OnUser" time="3.170" classname="DemoMaven.MavenTest.OflineTest"/>
  <testcase name="verifyPageTitle" time="0.016" classname="DemoMaven.MavenTest.OflineTest"/>
  <testcase name="Verify_Url" time="0.016" classname="DemoMaven.MavenTest.OflineTest"/>
  <testcase name="Fill_Form" time="14.730" classname="DemoMaven.MavenTest.OflineTest"/>
  <testcase name="SigninSession" time="0.048" classname="DemoMaven.MavenTest.OflineTest"/>
  <testcase name="blank_username_password" time="0.476" classname="DemoMaven.MavenTest.OflineTest"/>
  <testcase name="Click_On_AddUser_Btn" time="2.911" classname="DemoMaven.MavenTest.OflineTest"/>
  <testcase name="logOutBtn" time="0.591" classname="DemoMaven.MavenTest.OflineTest"/>
  <testcase name="check_Button_color" time="0.271" classname="DemoMaven.MavenTest.OflineTest"/>
  <testcase name="invalidusername_password" time="4.937" classname="DemoMaven.MavenTest.OflineTest"/>
  <testcase name="verifyApplicationTitle_DashBoard" time="0.024" classname="DemoMaven.MavenTest.OflineTest"/>
</testsuite> <!-- DemoMaven.MavenTest.OflineTest -->
